# JRE version: OpenJDK Runtime Environment Temurin-21.0.8+9 (21.0.8+9) (build 21.0.8+9-LTS)
# Java VM: OpenJDK 64-Bit Server VM Temurin-21.0.8+9 (21.0.8+9-LTS, mixed mode, sharing, tiered, compressed oops, compressed class ptrs, parallel gc, windows-amd64)
GC Precious Log:
 CardTable entry size: 512
 CPUs: 4 total, 4 available
 Memory: 2933M
 Large Page Support: Disabled
 NUMA Support: Disabled
 Compressed Oops: Enabled (32-bit)
 Alignments: Space 512K, Generation 512K, Heap 2M
 Heap Min Capacity: 100M
 Heap Initial Capacity: 100M
 Heap Max Capacity: 2G
 Pre-touch: Disabled
 Parallel Workers: 4
Heap:
 PSYoungGen      total 4608K, used 1651K [0x00000000d5580000, 0x00000000d5b00000, 0x0000000100000000)
  eden space 4096K, 30% used [0x00000000d5580000,0x00000000d56bcec8,0x00000000d5980000)
  from space 512K, 75% used [0x00000000d5a80000,0x00000000d5ae0000,0x00000000d5b00000)
  to   space 512K, 0% used [0x00000000d5a00000,0x00000000d5a00000,0x00000000d5a80000)
 ParOldGen       total 892928K, used 892684K [0x0000000080000000, 0x00000000b6800000, 0x00000000d5580000)
  object space 892928K, 99% used [0x0000000080000000,0x00000000b67c3018,0x00000000b6800000)
 Metaspace       used 85504K, committed 87168K, reserved 1179648K
  class space    used 8752K, committed 9472K, reserved 1048576K
GC Heap History (20 events):
Event: 3439.233 GC heap before
{Heap before GC invocations=2599 (full 4):
 PSYoungGen      total 4608K, used 4596K [0x00000000d5580000, 0x00000000d5b80000, 0x0000000100000000)
  eden space 4096K, 100% used [0x00000000d5580000,0x00000000d5980000,0x00000000d5980000)
  from space 512K, 97% used [0x00000000d5b00000,0x00000000d5b7d200,0x00000000d5b80000)
  to   space 1024K, 0% used [0x00000000d5980000,0x00000000d5980000,0x00000000d5a80000)
 ParOldGen       total 888832K, used 888668K [0x0000000080000000, 0x00000000b6400000, 0x00000000d5580000)
  object space 888832K, 99% used [0x0000000080000000,0x00000000b63d71a8,0x00000000b6400000)
 Metaspace       used 85479K, committed 87104K, reserved 1179648K
  class space    used 8752K, committed 9472K, reserved 1048576K
}
Event: 3439.238 GC heap after
{Heap after GC invocations=2599 (full 4):
 PSYoungGen      total 5120K, used 538K [0x00000000d5580000, 0x00000000d5b80000, 0x0000000100000000)
  eden space 4096K, 0% used [0x00000000d5580000,0x00000000d5580000,0x00000000d5980000)
  from space 1024K, 52% used [0x00000000d5980000,0x00000000d5a06900,0x00000000d5a80000)
  to   space 1024K, 0% used [0x00000000d5a80000,0x00000000d5a80000,0x00000000d5b80000)
 ParOldGen       total 889344K, used 889120K [0x0000000080000000, 0x00000000b6480000, 0x00000000d5580000)
  object space 889344K, 99% used [0x0000000080000000,0x00000000b64483b8,0x00000000b6480000)
 Metaspace       used 85479K, committed 87104K, reserved 1179648K
  class space    used 8752K, committed 9472K, reserved 1048576K
}
Event: 3439.396 GC heap before
{Heap before GC invocations=2600 (full 4):
 PSYoungGen      total 5120K, used 4634K [0x00000000d5580000, 0x00000000d5b80000, 0x0000000100000000)
  eden space 4096K, 100% used [0x00000000d5580000,0x00000000d5980000,0x00000000d5980000)
  from space 1024K, 52% used [0x00000000d5980000,0x00000000d5a06900,0x00000000d5a80000)
  to   space 1024K, 0% used [0x00000000d5a80000,0x00000000d5a80000,0x00000000d5b80000)
 ParOldGen       total 889344K, used 889120K [0x0000000080000000, 0x00000000b6480000, 0x00000000d5580000)
  object space 889344K, 99% used [0x0000000080000000,0x00000000b64483b8,0x00000000b6480000)
 Metaspace       used 85480K, committed 87104K, reserved 1179648K
  class space    used 8752K, committed 9472K, reserved 1048576K
}
Event: 3439.404 GC heap after
{Heap after GC invocations=2600 (full 4):
 PSYoungGen      total 4608K, used 352K [0x00000000d5580000, 0x00000000d5b00000, 0x0000000100000000)
  eden space 4096K, 0% used [0x00000000d5580000,0x00000000d5580000,0x00000000d5980000)
  from space 512K, 68% used [0x00000000d5a80000,0x00000000d5ad8000,0x00000000d5b00000)
  to   space 512K, 0% used [0x00000000d5a00000,0x00000000d5a00000,0x00000000d5a80000)
 ParOldGen       total 889856K, used 889605K [0x0000000080000000, 0x00000000b6500000, 0x00000000d5580000)
  object space 889856K, 99% used [0x0000000080000000,0x00000000b64c15c8,0x00000000b6500000)
 Metaspace       used 85480K, committed 87104K, reserved 1179648K
  class space    used 8752K, committed 9472K, reserved 1048576K
}
Event: 3439.651 GC heap before
{Heap before GC invocations=2601 (full 4):
 PSYoungGen      total 4608K, used 4448K [0x00000000d5580000, 0x00000000d5b00000, 0x0000000100000000)
  eden space 4096K, 100% used [0x00000000d5580000,0x00000000d5980000,0x00000000d5980000)
  from space 512K, 68% used [0x00000000d5a80000,0x00000000d5ad8000,0x00000000d5b00000)
  to   space 512K, 0% used [0x00000000d5a00000,0x00000000d5a00000,0x00000000d5a80000)
 ParOldGen       total 889856K, used 889605K [0x0000000080000000, 0x00000000b6500000, 0x00000000d5580000)
  object space 889856K, 99% used [0x0000000080000000,0x00000000b64c15c8,0x00000000b6500000)
 Metaspace       used 85480K, committed 87104K, reserved 1179648K
  class space    used 8752K, committed 9472K, reserved 1048576K
}
Event: 3439.657 GC heap after
{Heap after GC invocations=2601 (full 4):
 PSYoungGen      total 4608K, used 474K [0x00000000d5580000, 0x00000000d5b00000, 0x0000000100000000)
  eden space 4096K, 0% used [0x00000000d5580000,0x00000000d5580000,0x00000000d5980000)
  from space 512K, 92% used [0x00000000d5a00000,0x00000000d5a76900,0x00000000d5a80000)
  to   space 512K, 0% used [0x00000000d5a80000,0x00000000d5a80000,0x00000000d5b00000)
 ParOldGen       total 889856K, used 889845K [0x0000000080000000, 0x00000000b6500000, 0x00000000d5580000)
  object space 889856K, 99% used [0x0000000080000000,0x00000000b64fd5c8,0x00000000b6500000)
 Metaspace       used 85480K, committed 87104K, reserved 1179648K
  class space    used 8752K, committed 9472K, reserved 1048576K
}
Event: 3439.684 GC heap before
{Heap before GC invocations=2602 (full 4):
 PSYoungGen      total 4608K, used 4570K [0x00000000d5580000, 0x00000000d5b00000, 0x0000000100000000)
  eden space 4096K, 100% used [0x00000000d5580000,0x00000000d5980000,0x00000000d5980000)
  from space 512K, 92% used [0x00000000d5a00000,0x00000000d5a76900,0x00000000d5a80000)
  to   space 512K, 0% used [0x00000000d5a80000,0x00000000d5a80000,0x00000000d5b00000)
 ParOldGen       total 889856K, used 889845K [0x0000000080000000, 0x00000000b6500000, 0x00000000d5580000)
  object space 889856K, 99% used [0x0000000080000000,0x00000000b64fd5c8,0x00000000b6500000)
 Metaspace       used 85480K, committed 87104K, reserved 1179648K
  class space    used 8752K, committed 9472K, reserved 1048576K
}
Event: 3439.690 GC heap after
{Heap after GC invocations=2602 (full 4):
 PSYoungGen      total 4608K, used 500K [0x00000000d5580000, 0x00000000d5b00000, 0x0000000100000000)
  eden space 4096K, 0% used [0x00000000d5580000,0x00000000d5580000,0x00000000d5980000)
  from space 512K, 97% used [0x00000000d5a80000,0x00000000d5afd200,0x00000000d5b00000)
  to   space 512K, 0% used [0x00000000d5a00000,0x00000000d5a00000,0x00000000d5a80000)
 ParOldGen       total 890368K, used 890273K [0x0000000080000000, 0x00000000b6580000, 0x00000000d5580000)
  object space 890368K, 99% used [0x0000000080000000,0x00000000b65687d8,0x00000000b6580000)
 Metaspace       used 85480K, committed 87104K, reserved 1179648K
  class space    used 8752K, committed 9472K, reserved 1048576K
}
Event: 3439.713 GC heap before
{Heap before GC invocations=2603 (full 4):
 PSYoungGen      total 4608K, used 4596K [0x00000000d5580000, 0x00000000d5b00000, 0x0000000100000000)
  eden space 4096K, 100% used [0x00000000d5580000,0x00000000d5980000,0x00000000d5980000)
  from space 512K, 97% used [0x00000000d5a80000,0x00000000d5afd200,0x00000000d5b00000)
  to   space 512K, 0% used [0x00000000d5a00000,0x00000000d5a00000,0x00000000d5a80000)
 ParOldGen       total 890368K, used 890273K [0x0000000080000000, 0x00000000b6580000, 0x00000000d5580000)
  object space 890368K, 99% used [0x0000000080000000,0x00000000b65687d8,0x00000000b6580000)
 Metaspace       used 85480K, committed 87104K, reserved 1179648K
  class space    used 8752K, committed 9472K, reserved 1048576K
}
Event: 3439.718 GC heap after
{Heap after GC invocations=2603 (full 4):
 PSYoungGen      total 4608K, used 416K [0x00000000d5580000, 0x00000000d5b00000, 0x0000000100000000)
  eden space 4096K, 0% used [0x00000000d5580000,0x00000000d5580000,0x00000000d5980000)
  from space 512K, 81% used [0x00000000d5a00000,0x00000000d5a68000,0x00000000d5a80000)
  to   space 512K, 0% used [0x00000000d5a80000,0x00000000d5a80000,0x00000000d5b00000)
 ParOldGen       total 890880K, used 890702K [0x0000000080000000, 0x00000000b6600000, 0x00000000d5580000)
  object space 890880K, 99% used [0x0000000080000000,0x00000000b65d39e8,0x00000000b6600000)
 Metaspace       used 85480K, committed 87104K, reserved 1179648K
  class space    used 8752K, committed 9472K, reserved 1048576K
}
Event: 3439.839 GC heap before
{Heap before GC invocations=2604 (full 4):
 PSYoungGen      total 4608K, used 4512K [0x00000000d5580000, 0x00000000d5b00000, 0x0000000100000000)
  eden space 4096K, 100% used [0x00000000d5580000,0x00000000d5980000,0x00000000d5980000)
  from space 512K, 81% used [0x00000000d5a00000,0x00000000d5a68000,0x00000000d5a80000)
  to   space 512K, 0% used [0x00000000d5a80000,0x00000000d5a80000,0x00000000d5b00000)
 ParOldGen       total 890880K, used 890702K [0x0000000080000000, 0x00000000b6600000, 0x00000000d5580000)
  object space 890880K, 99% used [0x0000000080000000,0x00000000b65d39e8,0x00000000b6600000)
 Metaspace       used 85492K, committed 87104K, reserved 1179648K
  class space    used 8752K, committed 9472K, reserved 1048576K
}
Event: 3439.844 GC heap after
{Heap after GC invocations=2604 (full 4):
 PSYoungGen      total 4608K, used 468K [0x00000000d5580000, 0x00000000d5b00000, 0x0000000100000000)
  eden space 4096K, 0% used [0x00000000d5580000,0x00000000d5580000,0x00000000d5980000)
  from space 512K, 91% used [0x00000000d5a80000,0x00000000d5af5200,0x00000000d5b00000)
  to   space 512K, 0% used [0x00000000d5a00000,0x00000000d5a00000,0x00000000d5a80000)
 ParOldGen       total 891392K, used 891046K [0x0000000080000000, 0x00000000b6680000, 0x00000000d5580000)
  object space 891392K, 99% used [0x0000000080000000,0x00000000b66299e8,0x00000000b6680000)
 Metaspace       used 85492K, committed 87104K, reserved 1179648K
  class space    used 8752K, committed 9472K, reserved 1048576K
}
Event: 3439.895 GC heap before
{Heap before GC invocations=2605 (full 4):
 PSYoungGen      total 4608K, used 4564K [0x00000000d5580000, 0x00000000d5b00000, 0x0000000100000000)
  eden space 4096K, 100% used [0x00000000d5580000,0x00000000d5980000,0x00000000d5980000)
  from space 512K, 91% used [0x00000000d5a80000,0x00000000d5af5200,0x00000000d5b00000)
  to   space 512K, 0% used [0x00000000d5a00000,0x00000000d5a00000,0x00000000d5a80000)
 ParOldGen       total 891392K, used 891046K [0x0000000080000000, 0x00000000b6680000, 0x00000000d5580000)
  object space 891392K, 99% used [0x0000000080000000,0x00000000b66299e8,0x00000000b6680000)
 Metaspace       used 85497K, committed 87104K, reserved 1179648K
  class space    used 8752K, committed 9472K, reserved 1048576K
}
Event: 3439.902 GC heap after
{Heap after GC invocations=2605 (full 4):
 PSYoungGen      total 4608K, used 506K [0x00000000d5580000, 0x00000000d5b00000, 0x0000000100000000)
  eden space 4096K, 0% used [0x00000000d5580000,0x00000000d5580000,0x00000000d5980000)
  from space 512K, 98% used [0x00000000d5a00000,0x00000000d5a7e900,0x00000000d5a80000)
  to   space 512K, 0% used [0x00000000d5a80000,0x00000000d5a80000,0x00000000d5b00000)
 ParOldGen       total 891904K, used 891538K [0x0000000080000000, 0x00000000b6700000, 0x00000000d5580000)
  object space 891904K, 99% used [0x0000000080000000,0x00000000b66a4bf8,0x00000000b6700000)
 Metaspace       used 85497K, committed 87104K, reserved 1179648K
  class space    used 8752K, committed 9472K, reserved 1048576K
}
Event: 3440.040 GC heap before
{Heap before GC invocations=2606 (full 4):
 PSYoungGen      total 4608K, used 4602K [0x00000000d5580000, 0x00000000d5b00000, 0x0000000100000000)
  eden space 4096K, 100% used [0x00000000d5580000,0x00000000d5980000,0x00000000d5980000)
  from space 512K, 98% used [0x00000000d5a00000,0x00000000d5a7e900,0x00000000d5a80000)
  to   space 512K, 0% used [0x00000000d5a80000,0x00000000d5a80000,0x00000000d5b00000)
 ParOldGen       total 891904K, used 891538K [0x0000000080000000, 0x00000000b6700000, 0x00000000d5580000)
  object space 891904K, 99% used [0x0000000080000000,0x00000000b66a4bf8,0x00000000b6700000)
 Metaspace       used 85500K, committed 87104K, reserved 1179648K
  class space    used 8752K, committed 9472K, reserved 1048576K
}
Event: 3440.049 GC heap after
{Heap after GC invocations=2606 (full 4):
 PSYoungGen      total 4608K, used 320K [0x00000000d5580000, 0x00000000d5b80000, 0x0000000100000000)
  eden space 4096K, 0% used [0x00000000d5580000,0x00000000d5580000,0x00000000d5980000)
  from space 512K, 62% used [0x00000000d5a80000,0x00000000d5ad0000,0x00000000d5b00000)
  to   space 1024K, 0% used [0x00000000d5980000,0x00000000d5980000,0x00000000d5a80000)
 ParOldGen       total 892416K, used 891999K [0x0000000080000000, 0x00000000b6780000, 0x00000000d5580000)
  object space 892416K, 99% used [0x0000000080000000,0x00000000b6717e08,0x00000000b6780000)
 Metaspace       used 85500K, committed 87104K, reserved 1179648K
  class space    used 8752K, committed 9472K, reserved 1048576K
}
Event: 3440.366 GC heap before
{Heap before GC invocations=2607 (full 4):
 PSYoungGen      total 4608K, used 4416K [0x00000000d5580000, 0x00000000d5b80000, 0x0000000100000000)
  eden space 4096K, 100% used [0x00000000d5580000,0x00000000d5980000,0x00000000d5980000)
  from space 512K, 62% used [0x00000000d5a80000,0x00000000d5ad0000,0x00000000d5b00000)
  to   space 1024K, 0% used [0x00000000d5980000,0x00000000d5980000,0x00000000d5a80000)
 ParOldGen       total 892416K, used 891999K [0x0000000080000000, 0x00000000b6780000, 0x00000000d5580000)
  object space 892416K, 99% used [0x0000000080000000,0x00000000b6717e08,0x00000000b6780000)
 Metaspace       used 85501K, committed 87168K, reserved 1179648K
  class space    used 8752K, committed 9472K, reserved 1048576K
}
Event: 3440.376 GC heap after
{Heap after GC invocations=2607 (full 4):
 PSYoungGen      total 5120K, used 538K [0x00000000d5580000, 0x00000000d5b80000, 0x0000000100000000)
  eden space 4096K, 0% used [0x00000000d5580000,0x00000000d5580000,0x00000000d5980000)
  from space 1024K, 52% used [0x00000000d5980000,0x00000000d5a06900,0x00000000d5a80000)
  to   space 1024K, 0% used [0x00000000d5a80000,0x00000000d5a80000,0x00000000d5b80000)
 ParOldGen       total 892416K, used 892231K [0x0000000080000000, 0x00000000b6780000, 0x00000000d5580000)
  object space 892416K, 99% used [0x0000000080000000,0x00000000b6751e08,0x00000000b6780000)
 Metaspace       used 85501K, committed 87168K, reserved 1179648K
  class space    used 8752K, committed 9472K, reserved 1048576K
}
Event: 3440.441 GC heap before
{Heap before GC invocations=2608 (full 4):
 PSYoungGen      total 5120K, used 4634K [0x00000000d5580000, 0x00000000d5b80000, 0x0000000100000000)
  eden space 4096K, 100% used [0x00000000d5580000,0x00000000d5980000,0x00000000d5980000)
  from space 1024K, 52% used [0x00000000d5980000,0x00000000d5a06900,0x00000000d5a80000)
  to   space 1024K, 0% used [0x00000000d5a80000,0x00000000d5a80000,0x00000000d5b80000)
 ParOldGen       total 892416K, used 892231K [0x0000000080000000, 0x00000000b6780000, 0x00000000d5580000)
  object space 892416K, 99% used [0x0000000080000000,0x00000000b6751e08,0x00000000b6780000)
 Metaspace       used 85501K, committed 87168K, reserved 1179648K
  class space    used 8752K, committed 9472K, reserved 1048576K
}
Event: 3440.451 GC heap after
{Heap after GC invocations=2608 (full 4):
 PSYoungGen      total 4608K, used 384K [0x00000000d5580000, 0x00000000d5b00000, 0x0000000100000000)
  eden space 4096K, 0% used [0x00000000d5580000,0x00000000d5580000,0x00000000d5980000)
  from space 512K, 75% used [0x00000000d5a80000,0x00000000d5ae0000,0x00000000d5b00000)
  to   space 512K, 0% used [0x00000000d5a00000,0x00000000d5a00000,0x00000000d5a80000)
 ParOldGen       total 892928K, used 892684K [0x0000000080000000, 0x00000000b6800000, 0x00000000d5580000)
  object space 892928K, 99% used [0x0000000080000000,0x00000000b67c3018,0x00000000b6800000)
 Metaspace       used 85501K, committed 87168K, reserved 1179648K
  class space    used 8752K, committed 9472K, reserved 1048576K
}

